<?xml version="1.0" encoding="UTF-8"?>
<!-- Generated by org.testng.reporters.JUnitReportReporter -->
<testsuite skipped="0" hostname="8J1V022-LT" name="DogTest.apitest" tests="4" failures="0" timestamp="03 Apr 2018 07:17:46 GMT" time="17.349" errors="0">
  <testcase name="ListBreedImages" time="4.525" classname="DogTest.apitest"/>
  <testcase name="ListAllSubBreeds" time="2.450" classname="DogTest.apitest"/>
  <testcase name="RandomBreedImage" time="2.770" classname="DogTest.apitest"/>
  <testcase name="ListAllBreeds" time="7.604" classname="DogTest.apitest"/>
</testsuite> <!-- DogTest.apitest -->
