<?xml version="1.0" encoding="UTF-8"?>
<!-- Generated by org.testng.reporters.JUnitReportReporter -->
<testsuite skipped="0" hostname="8J1V022-LT" name="gmailTest.testcases.Login" tests="1" failures="0" timestamp="05 Apr 2018 06:52:49 GMT" time="42.866" errors="0">
  <testcase name="enteremail" time="42.866" classname="gmailTest.testcases.Login"/>
</testsuite> <!-- gmailTest.testcases.Login -->
