<?xml version="1.0" encoding="UTF-8"?>
<!-- Generated by org.testng.reporters.JUnitReportReporter -->
<testsuite skipped="0" hostname="8J1V022-LT" name="DogTest.apitest" tests="4" failures="0" timestamp="04 Apr 2018 09:42:38 GMT" time="7.877" errors="0">
  <testcase name="ListAllSubBreeds" time="1.151" classname="DogTest.apitest"/>
  <testcase name="RandomBreedImage" time="1.791" classname="DogTest.apitest"/>
  <testcase name="ListBreedImages" time="2.101" classname="DogTest.apitest"/>
  <testcase name="ListAllBreeds" time="2.834" classname="DogTest.apitest"/>
</testsuite> <!-- DogTest.apitest -->
