<?xml version="1.0" encoding="UTF-8"?>
<!-- Generated by org.testng.reporters.JUnitReportReporter -->
<testsuite skipped="0" hostname="8J1V022-LT" name="gmailTest.testcases.Login" tests="1" failures="0" timestamp="04 Apr 2018 09:42:38 GMT" time="32.338" errors="0">
  <testcase name="enteremail" time="32.338" classname="gmailTest.testcases.Login"/>
</testsuite> <!-- gmailTest.testcases.Login -->
