<?xml version="1.0" encoding="UTF-8"?>
<!-- Generated by org.testng.reporters.JUnitReportReporter -->
<testsuite skipped="0" hostname="8J1V022-LT" name="DogTest.apitest" tests="4" failures="0" timestamp="05 Apr 2018 06:52:49 GMT" time="41.146" errors="0">
  <testcase name="RandomBreedImage" time="18.590" classname="DogTest.apitest"/>
  <testcase name="ListAllSubBreeds" time="1.345" classname="DogTest.apitest"/>
  <testcase name="ListBreedImages" time="9.980" classname="DogTest.apitest"/>
  <testcase name="ListAllBreeds" time="11.231" classname="DogTest.apitest"/>
</testsuite> <!-- DogTest.apitest -->
