<?xml version="1.0" encoding="UTF-8"?>
<!-- Generated by org.testng.reporters.JUnitReportReporter -->
<testsuite skipped="0" hostname="8J1V022-LT" name="DogTest.apitest" tests="4" failures="0" timestamp="05 Apr 2018 11:14:48 GMT" time="7.282" errors="0">
  <testcase name="RandomBreedImage" time="1.725" classname="DogTest.apitest"/>
  <testcase name="ListAllSubBreeds" time="1.188" classname="DogTest.apitest"/>
  <testcase name="ListAllBreeds" time="2.887" classname="DogTest.apitest"/>
  <testcase name="ListBreedImages" time="1.482" classname="DogTest.apitest"/>
</testsuite> <!-- DogTest.apitest -->
